<?xml version="1.0" encoding="UTF-8"?>
<!-- Generated by org.testng.reporters.JUnitReportReporter -->
<testsuite skipped="0" hostname="DESKTOP-5CJSCVQ" name="com.bdd.runner.TestNGRunner2" tests="1" failures="0" timestamp="28 Oct 2018 05:20:33 GMT" time="17.340" errors="0">
  <testcase name="feature" time="17.340" classname="com.bdd.runner.TestNGRunner2"/>
</testsuite> <!-- com.bdd.runner.TestNGRunner2 -->
