<?xml version="1.0" encoding="UTF-8"?>
<!-- Generated by org.testng.reporters.JUnitReportReporter -->
<testsuite skipped="0" hostname="DESKTOP-5CJSCVQ" name="com.bdd.runner.TestNGRunner1" tests="2" failures="0" timestamp="30 Oct 2018 02:07:47 GMT" time="25.525" errors="0">
  <testcase name="feature" time="12.762" classname="com.bdd.runner.TestNGRunner1"/>
  <testcase name="feature" time="12.763" classname="com.bdd.runner.TestNGRunner1"/>
</testsuite> <!-- com.bdd.runner.TestNGRunner1 -->
