<?xml version="1.0" encoding="UTF-8"?>
<!-- Generated by org.testng.reporters.JUnitReportReporter -->
<testsuite skipped="0" hostname="DESKTOP-5CJSCVQ" name="com.bdd.runner.TestNGRunner1" tests="2" failures="0" timestamp="13 Feb 2019 05:05:49 GMT" time="26.090" errors="0">
  <testcase name="feature" time="13.026" classname="com.bdd.runner.TestNGRunner1"/>
  <testcase name="feature" time="13.064" classname="com.bdd.runner.TestNGRunner1"/>
</testsuite> <!-- com.bdd.runner.TestNGRunner1 -->
